E, [2025-03-21T17:36:38.785734 #22450] ERROR -- Kitchen: ------Exception-------
E, [2025-03-21T17:36:38.785837 #22450] ERROR -- Kitchen: Class: Kitchen::UserError
E, [2025-03-21T17:36:38.785859 #22450] ERROR -- Kitchen: Message: Kitchen YAML file /Users/giosuemanzo/Desktop/Esercizio Eugenio/kitchen.yml does not exist.
E, [2025-03-21T17:36:38.785877 #22450] ERROR -- Kitchen: ----------------------
E, [2025-03-21T17:36:38.785892 #22450] ERROR -- Kitchen: ------Backtrace-------
E, [2025-03-21T17:36:38.785907 #22450] ERROR -- Kitchen: /opt/chef-workstation/embedded/lib/ruby/gems/3.1.0/gems/test-kitchen-3.6.0/lib/kitchen/loader/yaml.rb:65:in `read'
E, [2025-03-21T17:36:38.785922 #22450] ERROR -- Kitchen: /opt/chef-workstation/embedded/lib/ruby/gems/3.1.0/gems/test-kitchen-3.6.0/lib/kitchen/config.rb:153:in `data'
E, [2025-03-21T17:36:38.785937 #22450] ERROR -- Kitchen: /opt/chef-workstation/embedded/lib/ruby/gems/3.1.0/gems/test-kitchen-3.6.0/lib/kitchen/config.rb:131:in `suites'
E, [2025-03-21T17:36:38.786158 #22450] ERROR -- Kitchen: /opt/chef-workstation/embedded/lib/ruby/gems/3.1.0/gems/test-kitchen-3.6.0/lib/kitchen/config.rb:183:in `filter_instances'
E, [2025-03-21T17:36:38.786444 #22450] ERROR -- Kitchen: /opt/chef-workstation/embedded/lib/ruby/gems/3.1.0/gems/test-kitchen-3.6.0/lib/kitchen/config.rb:142:in `build_instances'
E, [2025-03-21T17:36:38.786526 #22450] ERROR -- Kitchen: /opt/chef-workstation/embedded/lib/ruby/gems/3.1.0/gems/test-kitchen-3.6.0/lib/kitchen/config.rb:116:in `instances'
E, [2025-03-21T17:36:38.786581 #22450] ERROR -- Kitchen: /opt/chef-workstation/embedded/lib/ruby/gems/3.1.0/gems/test-kitchen-3.6.0/lib/kitchen/command.rb:109:in `filtered_instances'
E, [2025-03-21T17:36:38.786613 #22450] ERROR -- Kitchen: /opt/chef-workstation/embedded/lib/ruby/gems/3.1.0/gems/test-kitchen-3.6.0/lib/kitchen/command.rb:139:in `parse_subcommand'
E, [2025-03-21T17:36:38.786639 #22450] ERROR -- Kitchen: /opt/chef-workstation/embedded/lib/ruby/gems/3.1.0/gems/test-kitchen-3.6.0/lib/kitchen/command/list.rb:29:in `call'
E, [2025-03-21T17:36:38.786662 #22450] ERROR -- Kitchen: /opt/chef-workstation/embedded/lib/ruby/gems/3.1.0/gems/test-kitchen-3.6.0/lib/kitchen/cli.rb:52:in `perform'
E, [2025-03-21T17:36:38.786684 #22450] ERROR -- Kitchen: /opt/chef-workstation/embedded/lib/ruby/gems/3.1.0/gems/test-kitchen-3.6.0/lib/kitchen/cli.rb:120:in `list'
E, [2025-03-21T17:36:38.786706 #22450] ERROR -- Kitchen: /opt/chef-workstation/embedded/lib/ruby/gems/3.1.0/gems/thor-1.2.2/lib/thor/command.rb:27:in `run'
E, [2025-03-21T17:36:38.786728 #22450] ERROR -- Kitchen: /opt/chef-workstation/embedded/lib/ruby/gems/3.1.0/gems/thor-1.2.2/lib/thor/invocation.rb:127:in `invoke_command'
E, [2025-03-21T17:36:38.786749 #22450] ERROR -- Kitchen: /opt/chef-workstation/embedded/lib/ruby/gems/3.1.0/gems/thor-1.2.2/lib/thor.rb:392:in `dispatch'
E, [2025-03-21T17:36:38.786770 #22450] ERROR -- Kitchen: /opt/chef-workstation/embedded/lib/ruby/gems/3.1.0/gems/thor-1.2.2/lib/thor/base.rb:485:in `start'
E, [2025-03-21T17:36:38.786791 #22450] ERROR -- Kitchen: /opt/chef-workstation/embedded/lib/ruby/gems/3.1.0/gems/test-kitchen-3.6.0/bin/kitchen:11:in `block in <top (required)>'
E, [2025-03-21T17:36:38.786813 #22450] ERROR -- Kitchen: /opt/chef-workstation/embedded/lib/ruby/gems/3.1.0/gems/test-kitchen-3.6.0/lib/kitchen/errors.rb:183:in `with_friendly_errors'
E, [2025-03-21T17:36:38.786834 #22450] ERROR -- Kitchen: /opt/chef-workstation/embedded/lib/ruby/gems/3.1.0/gems/test-kitchen-3.6.0/bin/kitchen:11:in `<top (required)>'
E, [2025-03-21T17:36:38.786900 #22450] ERROR -- Kitchen: /usr/local/bin/kitchen:441:in `load'
E, [2025-03-21T17:36:38.787042 #22450] ERROR -- Kitchen: /usr/local/bin/kitchen:441:in `<main>'
E, [2025-03-21T17:36:38.787124 #22450] ERROR -- Kitchen: ----End Backtrace-----
