I, [2025-04-23T15:08:12.806354 #12402]  INFO -- default-macchinapazza: -----> Converging <default-macchinapazza>...
I, [2025-04-23T15:08:12.948608 #12402]  INFO -- default-macchinapazza: Preparing files for transfer
I, [2025-04-23T15:08:12.954850 #12402]  INFO -- default-macchinapazza: Installing cookbooks for Policyfile /Users/giosuemanzo/Desktop/Formazione_Chef/Chef/Policyfile.rb using `/usr/local/bin/chef-cli install`
I, [2025-04-23T15:08:14.865539 #12402]  INFO -- default-macchinapazza: Installing cookbooks from lock
I, [2025-04-23T15:08:14.982316 #12402]  INFO -- default-macchinapazza: Using      apt             7.6.0
I, [2025-04-23T15:08:14.982722 #12402]  INFO -- default-macchinapazza: Using      docker          7.7.8
I, [2025-04-23T15:08:14.982839 #12402]  INFO -- default-macchinapazza: Installing primo_esercizio 0.1.0
I, [2025-04-23T15:08:15.006424 #12402]  INFO -- default-macchinapazza: Updating policy lock using `/usr/local/bin/chef-cli update`
I, [2025-04-23T15:08:16.407410 #12402]  INFO -- default-macchinapazza: Building policy primo_esercizio
I, [2025-04-23T15:08:16.407604 #12402]  INFO -- default-macchinapazza: Expanded run list: recipe[primo_esercizio::default]
I, [2025-04-23T15:08:16.407678 #12402]  INFO -- default-macchinapazza: Caching Cookbooks...
I, [2025-04-23T15:08:16.407729 #12402]  INFO -- default-macchinapazza: Installing primo_esercizio >= 0.0.0 from path
I, [2025-04-23T15:08:18.947020 #12402]  INFO -- default-macchinapazza: Using      apt             7.6.0
I, [2025-04-23T15:08:18.948579 #12402]  INFO -- default-macchinapazza: Using      docker          7.7.8
I, [2025-04-23T15:08:19.899245 #12402]  INFO -- default-macchinapazza: 
I, [2025-04-23T15:08:19.899335 #12402]  INFO -- default-macchinapazza: Lockfile written to /Users/giosuemanzo/Desktop/Formazione_Chef/Chef/Policyfile.lock.json
I, [2025-04-23T15:08:19.899376 #12402]  INFO -- default-macchinapazza: Policy revision id: 04702efc2a0b5bdfe8f0907f4a6b0c911c06a2bbda14cd2d96cdbd239694fb94
I, [2025-04-23T15:08:19.958860 #12402]  INFO -- default-macchinapazza: Preparing dna.json
I, [2025-04-23T15:08:19.959889 #12402]  INFO -- default-macchinapazza: Exporting cookbook dependencies from Policyfile /var/folders/vl/gr549w0d5xb4c1r_gh_0wm2c0000gn/T/default-macchinapazza-sandbox-20250423-12402-txs9c8 using `/usr/local/bin/chef-cli export`...
I, [2025-04-23T15:08:22.630689 #12402]  INFO -- default-macchinapazza: Exported policy 'primo_esercizio' to /var/folders/vl/gr549w0d5xb4c1r_gh_0wm2c0000gn/T/default-macchinapazza-sandbox-20250423-12402-txs9c8
I, [2025-04-23T15:08:22.631121 #12402]  INFO -- default-macchinapazza: 
I, [2025-04-23T15:08:22.631187 #12402]  INFO -- default-macchinapazza: To converge this system with the exported policy, run:
I, [2025-04-23T15:08:22.631251 #12402]  INFO -- default-macchinapazza:   cd /var/folders/vl/gr549w0d5xb4c1r_gh_0wm2c0000gn/T/default-macchinapazza-sandbox-20250423-12402-txs9c8
I, [2025-04-23T15:08:22.631286 #12402]  INFO -- default-macchinapazza:   chef-client -z
I, [2025-04-23T15:08:22.657125 #12402]  INFO -- default-macchinapazza: Removing non-cookbook files before transfer
I, [2025-04-23T15:08:22.658153 #12402]  INFO -- default-macchinapazza: Preparing validation.pem
I, [2025-04-23T15:08:22.659720 #12402]  INFO -- default-macchinapazza: Preparing client.rb
I, [2025-04-23T15:08:23.126674 #12402]  INFO -- default-macchinapazza: [SSH] connection failed, retrying in 1 seconds (#<Net::SSH::AuthenticationFailed: Authentication failed for user vagrant@127.0.0.1>)
I, [2025-04-23T15:08:24.200454 #12402]  INFO -- default-macchinapazza: [SSH] connection failed, retrying in 1 seconds (#<Net::SSH::AuthenticationFailed: Authentication failed for user vagrant@127.0.0.1>)
I, [2025-04-23T15:08:25.256351 #12402]  INFO -- default-macchinapazza: [SSH] connection failed, retrying in 1 seconds (#<Net::SSH::AuthenticationFailed: Authentication failed for user vagrant@127.0.0.1>)
I, [2025-04-23T15:08:26.316845 #12402]  INFO -- default-macchinapazza: [SSH] connection failed, retrying in 1 seconds (#<Net::SSH::AuthenticationFailed: Authentication failed for user vagrant@127.0.0.1>)
W, [2025-04-23T15:08:27.373728 #12402]  WARN -- default-macchinapazza: [SSH] connection failed, terminating (#<Net::SSH::AuthenticationFailed: Authentication failed for user vagrant@127.0.0.1>)
E, [2025-04-23T15:08:27.392181 #12402] ERROR -- default-macchinapazza: Converge failed on instance <default-macchinapazza>.
E, [2025-04-23T15:08:27.395720 #12402] ERROR -- default-macchinapazza: ------Exception-------
E, [2025-04-23T15:08:27.395765 #12402] ERROR -- default-macchinapazza: Class: Kitchen::ActionFailed
E, [2025-04-23T15:08:27.395784 #12402] ERROR -- default-macchinapazza: Message: SSH session could not be established
E, [2025-04-23T15:08:27.395809 #12402] ERROR -- default-macchinapazza: ----------------------
E, [2025-04-23T15:08:27.395848 #12402] ERROR -- default-macchinapazza: ------Backtrace-------
E, [2025-04-23T15:08:27.395876 #12402] ERROR -- default-macchinapazza: /opt/chef-workstation/embedded/lib/ruby/gems/3.1.0/gems/test-kitchen-3.6.0/lib/kitchen/provisioner/base.rb:99:in `rescue in call'
E, [2025-04-23T15:08:27.395901 #12402] ERROR -- default-macchinapazza: /opt/chef-workstation/embedded/lib/ruby/gems/3.1.0/gems/test-kitchen-3.6.0/lib/kitchen/provisioner/base.rb:98:in `call'
E, [2025-04-23T15:08:27.395922 #12402] ERROR -- default-macchinapazza: /opt/chef-workstation/embedded/lib/ruby/gems/3.1.0/gems/test-kitchen-3.6.0/lib/kitchen/instance.rb:419:in `block in converge_action'
E, [2025-04-23T15:08:27.395942 #12402] ERROR -- default-macchinapazza: /opt/chef-workstation/embedded/lib/ruby/gems/3.1.0/gems/test-kitchen-3.6.0/lib/kitchen/instance.rb:563:in `synchronize_or_call'
E, [2025-04-23T15:08:27.395984 #12402] ERROR -- default-macchinapazza: /opt/chef-workstation/embedded/lib/ruby/gems/3.1.0/gems/test-kitchen-3.6.0/lib/kitchen/instance.rb:524:in `block in action'
E, [2025-04-23T15:08:27.396008 #12402] ERROR -- default-macchinapazza: /opt/chef-workstation/embedded/lib/ruby/3.1.0/benchmark.rb:296:in `measure'
E, [2025-04-23T15:08:27.396029 #12402] ERROR -- default-macchinapazza: /opt/chef-workstation/embedded/lib/ruby/gems/3.1.0/gems/test-kitchen-3.6.0/lib/kitchen/instance.rb:523:in `action'
E, [2025-04-23T15:08:27.396051 #12402] ERROR -- default-macchinapazza: /opt/chef-workstation/embedded/lib/ruby/gems/3.1.0/gems/test-kitchen-3.6.0/lib/kitchen/instance.rb:414:in `converge_action'
E, [2025-04-23T15:08:27.396103 #12402] ERROR -- default-macchinapazza: /opt/chef-workstation/embedded/lib/ruby/gems/3.1.0/gems/test-kitchen-3.6.0/lib/kitchen/instance.rb:392:in `block (2 levels) in transition_to'
E, [2025-04-23T15:08:27.396132 #12402] ERROR -- default-macchinapazza: /opt/chef-workstation/embedded/lib/ruby/gems/3.1.0/gems/test-kitchen-3.6.0/lib/kitchen/lifecycle_hooks.rb:47:in `run_with_hooks'
E, [2025-04-23T15:08:27.396161 #12402] ERROR -- default-macchinapazza: /opt/chef-workstation/embedded/lib/ruby/gems/3.1.0/gems/test-kitchen-3.6.0/lib/kitchen/instance.rb:391:in `block in transition_to'
E, [2025-04-23T15:08:27.396231 #12402] ERROR -- default-macchinapazza: /opt/chef-workstation/embedded/lib/ruby/gems/3.1.0/gems/test-kitchen-3.6.0/lib/kitchen/instance.rb:390:in `each'
E, [2025-04-23T15:08:27.396264 #12402] ERROR -- default-macchinapazza: /opt/chef-workstation/embedded/lib/ruby/gems/3.1.0/gems/test-kitchen-3.6.0/lib/kitchen/instance.rb:390:in `transition_to'
E, [2025-04-23T15:08:27.396293 #12402] ERROR -- default-macchinapazza: /opt/chef-workstation/embedded/lib/ruby/gems/3.1.0/gems/test-kitchen-3.6.0/lib/kitchen/instance.rb:139:in `converge'
E, [2025-04-23T15:08:27.396321 #12402] ERROR -- default-macchinapazza: /opt/chef-workstation/embedded/lib/ruby/gems/3.1.0/gems/test-kitchen-3.6.0/lib/kitchen/command.rb:195:in `public_send'
E, [2025-04-23T15:08:27.396346 #12402] ERROR -- default-macchinapazza: /opt/chef-workstation/embedded/lib/ruby/gems/3.1.0/gems/test-kitchen-3.6.0/lib/kitchen/command.rb:195:in `run_action_in_thread'
E, [2025-04-23T15:08:27.396370 #12402] ERROR -- default-macchinapazza: /opt/chef-workstation/embedded/lib/ruby/gems/3.1.0/gems/test-kitchen-3.6.0/lib/kitchen/command.rb:166:in `block (2 levels) in run_action'
E, [2025-04-23T15:08:27.396422 #12402] ERROR -- default-macchinapazza: ----End Backtrace-----
E, [2025-04-23T15:08:27.396443 #12402] ERROR -- default-macchinapazza: ---Nested Exception---
E, [2025-04-23T15:08:27.396461 #12402] ERROR -- default-macchinapazza: Class: Kitchen::Transport::SshFailed
E, [2025-04-23T15:08:27.396486 #12402] ERROR -- default-macchinapazza: Message: SSH session could not be established
E, [2025-04-23T15:08:27.396504 #12402] ERROR -- default-macchinapazza: ----------------------
E, [2025-04-23T15:08:27.396522 #12402] ERROR -- default-macchinapazza: ------Backtrace-------
E, [2025-04-23T15:08:27.396542 #12402] ERROR -- default-macchinapazza: /opt/chef-workstation/embedded/lib/ruby/gems/3.1.0/gems/test-kitchen-3.6.0/lib/kitchen/provisioner/base.rb:99:in `rescue in call'
E, [2025-04-23T15:08:27.396562 #12402] ERROR -- default-macchinapazza: /opt/chef-workstation/embedded/lib/ruby/gems/3.1.0/gems/test-kitchen-3.6.0/lib/kitchen/provisioner/base.rb:98:in `call'
E, [2025-04-23T15:08:27.396582 #12402] ERROR -- default-macchinapazza: /opt/chef-workstation/embedded/lib/ruby/gems/3.1.0/gems/test-kitchen-3.6.0/lib/kitchen/instance.rb:419:in `block in converge_action'
E, [2025-04-23T15:08:27.396602 #12402] ERROR -- default-macchinapazza: /opt/chef-workstation/embedded/lib/ruby/gems/3.1.0/gems/test-kitchen-3.6.0/lib/kitchen/instance.rb:563:in `synchronize_or_call'
E, [2025-04-23T15:08:27.396622 #12402] ERROR -- default-macchinapazza: /opt/chef-workstation/embedded/lib/ruby/gems/3.1.0/gems/test-kitchen-3.6.0/lib/kitchen/instance.rb:524:in `block in action'
E, [2025-04-23T15:08:27.396643 #12402] ERROR -- default-macchinapazza: /opt/chef-workstation/embedded/lib/ruby/3.1.0/benchmark.rb:296:in `measure'
E, [2025-04-23T15:08:27.396663 #12402] ERROR -- default-macchinapazza: /opt/chef-workstation/embedded/lib/ruby/gems/3.1.0/gems/test-kitchen-3.6.0/lib/kitchen/instance.rb:523:in `action'
E, [2025-04-23T15:08:27.396689 #12402] ERROR -- default-macchinapazza: /opt/chef-workstation/embedded/lib/ruby/gems/3.1.0/gems/test-kitchen-3.6.0/lib/kitchen/instance.rb:414:in `converge_action'
E, [2025-04-23T15:08:27.396710 #12402] ERROR -- default-macchinapazza: /opt/chef-workstation/embedded/lib/ruby/gems/3.1.0/gems/test-kitchen-3.6.0/lib/kitchen/instance.rb:392:in `block (2 levels) in transition_to'
E, [2025-04-23T15:08:27.396730 #12402] ERROR -- default-macchinapazza: /opt/chef-workstation/embedded/lib/ruby/gems/3.1.0/gems/test-kitchen-3.6.0/lib/kitchen/lifecycle_hooks.rb:47:in `run_with_hooks'
E, [2025-04-23T15:08:27.396751 #12402] ERROR -- default-macchinapazza: /opt/chef-workstation/embedded/lib/ruby/gems/3.1.0/gems/test-kitchen-3.6.0/lib/kitchen/instance.rb:391:in `block in transition_to'
E, [2025-04-23T15:08:27.396769 #12402] ERROR -- default-macchinapazza: /opt/chef-workstation/embedded/lib/ruby/gems/3.1.0/gems/test-kitchen-3.6.0/lib/kitchen/instance.rb:390:in `each'
E, [2025-04-23T15:08:27.396787 #12402] ERROR -- default-macchinapazza: /opt/chef-workstation/embedded/lib/ruby/gems/3.1.0/gems/test-kitchen-3.6.0/lib/kitchen/instance.rb:390:in `transition_to'
E, [2025-04-23T15:08:27.396806 #12402] ERROR -- default-macchinapazza: /opt/chef-workstation/embedded/lib/ruby/gems/3.1.0/gems/test-kitchen-3.6.0/lib/kitchen/instance.rb:139:in `converge'
E, [2025-04-23T15:08:27.396824 #12402] ERROR -- default-macchinapazza: /opt/chef-workstation/embedded/lib/ruby/gems/3.1.0/gems/test-kitchen-3.6.0/lib/kitchen/command.rb:195:in `public_send'
E, [2025-04-23T15:08:27.396842 #12402] ERROR -- default-macchinapazza: /opt/chef-workstation/embedded/lib/ruby/gems/3.1.0/gems/test-kitchen-3.6.0/lib/kitchen/command.rb:195:in `run_action_in_thread'
E, [2025-04-23T15:08:27.396861 #12402] ERROR -- default-macchinapazza: /opt/chef-workstation/embedded/lib/ruby/gems/3.1.0/gems/test-kitchen-3.6.0/lib/kitchen/command.rb:166:in `block (2 levels) in run_action'
E, [2025-04-23T15:08:27.396879 #12402] ERROR -- default-macchinapazza: ----End Backtrace-----
