I, [2025-03-24T17:15:08.564119 #21423]  INFO -- eugenio-centos-7: -----> Converging <eugenio-centos-7>...
I, [2025-03-24T17:15:08.831687 #21423]  INFO -- eugenio-centos-7: Preparing files for transfer
I, [2025-03-24T17:15:08.854446 #21423]  INFO -- eugenio-centos-7: Installing cookbooks for Policyfile /Users/giosuemanzo/Desktop/Esercizio Eugenio/primo_esercizio/Policyfile.rb using `/usr/local/bin/chef-cli install`
I, [2025-03-24T17:15:10.677074 #21423]  INFO -- eugenio-centos-7: Installing cookbooks from lock
I, [2025-03-24T17:15:10.714455 #21423]  INFO -- eugenio-centos-7: Installing primo_esercizio 0.1.0
I, [2025-03-24T17:15:10.739254 #21423]  INFO -- eugenio-centos-7: Updating policy lock using `/usr/local/bin/chef-cli update`
I, [2025-03-24T17:15:12.140032 #21423]  INFO -- eugenio-centos-7: Building policy primo_esercizio
I, [2025-03-24T17:15:12.140154 #21423]  INFO -- eugenio-centos-7: Expanded run list: recipe[primo_esercizio::default]
I, [2025-03-24T17:15:12.140187 #21423]  INFO -- eugenio-centos-7: Caching Cookbooks...
I, [2025-03-24T17:15:12.140381 #21423]  INFO -- eugenio-centos-7: Installing primo_esercizio >= 0.0.0 from path
I, [2025-03-24T17:15:21.657550 #21423]  INFO -- eugenio-centos-7: 
I, [2025-03-24T17:15:21.657621 #21423]  INFO -- eugenio-centos-7: Lockfile written to /Users/giosuemanzo/Desktop/Esercizio Eugenio/primo_esercizio/Policyfile.lock.json
I, [2025-03-24T17:15:21.657657 #21423]  INFO -- eugenio-centos-7: Policy revision id: 1c281a558d0b50e51ad4ff8e89a4ae9ba99aecbacd85d9d5910248959b495d6e
I, [2025-03-24T17:15:21.702096 #21423]  INFO -- eugenio-centos-7: Preparing dna.json
I, [2025-03-24T17:15:21.704555 #21423]  INFO -- eugenio-centos-7: Exporting cookbook dependencies from Policyfile /var/folders/vl/gr549w0d5xb4c1r_gh_0wm2c0000gn/T/eugenio-centos-7-sandbox-20250324-21423-5yn904 using `/usr/local/bin/chef-cli export`...
I, [2025-03-24T17:15:23.409986 #21423]  INFO -- eugenio-centos-7: Exported policy 'primo_esercizio' to /var/folders/vl/gr549w0d5xb4c1r_gh_0wm2c0000gn/T/eugenio-centos-7-sandbox-20250324-21423-5yn904
I, [2025-03-24T17:15:23.410090 #21423]  INFO -- eugenio-centos-7: 
I, [2025-03-24T17:15:23.410117 #21423]  INFO -- eugenio-centos-7: To converge this system with the exported policy, run:
I, [2025-03-24T17:15:23.410136 #21423]  INFO -- eugenio-centos-7:   cd /var/folders/vl/gr549w0d5xb4c1r_gh_0wm2c0000gn/T/eugenio-centos-7-sandbox-20250324-21423-5yn904
I, [2025-03-24T17:15:23.410157 #21423]  INFO -- eugenio-centos-7:   chef-client -z
I, [2025-03-24T17:15:23.436117 #21423]  INFO -- eugenio-centos-7: Removing non-cookbook files before transfer
I, [2025-03-24T17:15:23.438339 #21423]  INFO -- eugenio-centos-7: Preparing validation.pem
I, [2025-03-24T17:15:23.441684 #21423]  INFO -- eugenio-centos-7: Preparing client.rb
I, [2025-03-24T17:15:23.877002 #21423]  INFO -- eugenio-centos-7: -----> Chef installation detected (install only if missing)
I, [2025-03-24T17:15:23.951082 #21423]  INFO -- eugenio-centos-7: Transferring files to <eugenio-centos-7>
I, [2025-03-24T17:15:25.666086 #21423]  INFO -- eugenio-centos-7: Chef Infra Client, version 18.6.2
I, [2025-03-24T17:15:25.666169 #21423]  INFO -- eugenio-centos-7: Patents: https://www.chef.io/patents
I, [2025-03-24T17:15:25.666207 #21423]  INFO -- eugenio-centos-7: Infra Phase starting
I, [2025-03-24T17:15:27.221664 #21423]  INFO -- eugenio-centos-7: Using Policyfile 'primo_esercizio' at revision '1c281a558d0b50e51ad4ff8e89a4ae9ba99aecbacd85d9d5910248959b495d6e'
I, [2025-03-24T17:15:27.240613 #21423]  INFO -- eugenio-centos-7: Resolving cookbooks for run list: ["primo_esercizio::default@0.1.0 (72374b8)"]
I, [2025-03-24T17:15:27.248511 #21423]  INFO -- eugenio-centos-7: Synchronizing cookbooks:
I, [2025-03-24T17:15:27.256688 #21423]  INFO -- eugenio-centos-7:   - primo_esercizio (0.1.0)
I, [2025-03-24T17:15:27.275298 #21423]  INFO -- eugenio-centos-7: Installing cookbook gem dependencies:
I, [2025-03-24T17:15:27.275392 #21423]  INFO -- eugenio-centos-7: Compiling cookbooks...
I, [2025-03-24T17:15:27.727791 #21423]  INFO -- eugenio-centos-7: Loading Chef InSpec profile files:
I, [2025-03-24T17:15:27.727902 #21423]  INFO -- eugenio-centos-7: Loading Chef InSpec input files:
I, [2025-03-24T17:15:27.727985 #21423]  INFO -- eugenio-centos-7: Loading Chef InSpec waiver files:
I, [2025-03-24T17:15:27.728029 #21423]  INFO -- eugenio-centos-7: Converging 1 resources
I, [2025-03-24T17:15:27.728158 #21423]  INFO -- eugenio-centos-7: Recipe: primo_esercizio::default
I, [2025-03-24T17:15:30.232266 #21423]  INFO -- eugenio-centos-7:   * yum_package[git] action install
I, [2025-03-24T17:15:30.232362 #21423]  INFO -- eugenio-centos-7:     
I, [2025-03-24T17:15:30.232409 #21423]  INFO -- eugenio-centos-7:     ================================================================================
I, [2025-03-24T17:15:30.232451 #21423]  INFO -- eugenio-centos-7:     Error executing action `install` on resource 'yum_package[git]'
I, [2025-03-24T17:15:30.232490 #21423]  INFO -- eugenio-centos-7:     ================================================================================
I, [2025-03-24T17:15:30.232528 #21423]  INFO -- eugenio-centos-7:     
I, [2025-03-24T17:15:30.232565 #21423]  INFO -- eugenio-centos-7:     RuntimeError
I, [2025-03-24T17:15:30.232605 #21423]  INFO -- eugenio-centos-7:     ------------
I, [2025-03-24T17:15:30.232643 #21423]  INFO -- eugenio-centos-7:     yum-helper.py had stderr/stdout output:
I, [2025-03-24T17:15:30.232678 #21423]  INFO -- eugenio-centos-7:     
I, [2025-03-24T17:15:30.232715 #21423]  INFO -- eugenio-centos-7:     Could not retrieve mirrorlist http://mirrorlist.centos.org/?release=7&arch=x86_64&repo=os&infra=stock error was
I, [2025-03-24T17:15:30.232753 #21423]  INFO -- eugenio-centos-7:     14: curl#6 - "Could not resolve host: mirrorlist.centos.org; Unknown error"
I, [2025-03-24T17:15:30.232790 #21423]  INFO -- eugenio-centos-7:     Traceback (most recent call last):
I, [2025-03-24T17:15:30.232824 #21423]  INFO -- eugenio-centos-7:       File "/opt/chef/embedded/lib/ruby/gems/3.1.0/gems/chef-18.6.2/lib/chef/provider/package/yum/yum_helper.py", line 178, in <module>
I, [2025-03-24T17:15:30.232875 #21423]  INFO -- eugenio-centos-7:  query(base, command)
I, [2025-03-24T17:15:30.232919 #21423]  INFO -- eugenio-centos-7:       File "/opt/chef/embedded/lib/ruby/gems/3.1.0/gems/chef-18.6.2/lib/chef/provider/package/yum/yum_helper.py", line 87, in query
I, [2025-03-24T17:15:30.233040 #21423]  INFO -- eugenio-centos-7:  obj = base.pkgSack
I, [2025-03-24T17:15:30.233080 #21423]  INFO -- eugenio-centos-7:       File "/usr/lib/python2.7/site-packages/yum/__init__.py", line 1075, in <lambda>
I, [2025-03-24T17:15:30.233157 #21423]  INFO -- eugenio-centos-7:  pkgSack = property(fget=lambda self: self._getSacks(),
I, [2025-03-24T17:15:30.233215 #21423]  INFO -- eugenio-centos-7:       File "/usr/lib/python2.7/site-packages/yum/__init__.py", line 778, in _getSacks
I, [2025-03-24T17:15:30.233266 #21423]  INFO -- eugenio-centos-7:  self.repos.populateSack(which=repos)
I, [2025-03-24T17:15:30.233306 #21423]  INFO -- eugenio-centos-7:       File "/usr/lib/python2.7/site-packages/yum/repos.py", line 347, in populateSack
I, [2025-03-24T17:15:30.233345 #21423]  INFO -- eugenio-centos-7:  self.doSetup()
I, [2025-03-24T17:15:30.233388 #21423]  INFO -- eugenio-centos-7:       File "/usr/lib/python2.7/site-packages/yum/repos.py", line 122, in doSetup
I, [2025-03-24T17:15:30.233431 #21423]  INFO -- eugenio-centos-7:  self.ayum.plugins.run('prereposetup')
I, [2025-03-24T17:15:30.233469 #21423]  INFO -- eugenio-centos-7:       File "/usr/lib/python2.7/site-packages/yum/plugins.py", line 188, in run
I, [2025-03-24T17:15:30.233508 #21423]  INFO -- eugenio-centos-7:  func(conduitcls(self, self.base, conf, **kwargs))
I, [2025-03-24T17:15:30.233543 #21423]  INFO -- eugenio-centos-7:       File "/usr/lib/yum-plugins/fastestmirror.py", line 197, in prereposetup_hook
I, [2025-03-24T17:15:30.233583 #21423]  INFO -- eugenio-centos-7:  if downgrade_ftp and _len_non_ftp(repo.urls) == 1:
I, [2025-03-24T17:15:30.233621 #21423]  INFO -- eugenio-centos-7:       File "/usr/lib/python2.7/site-packages/yum/yumRepo.py", line 881, in <lambda>
I, [2025-03-24T17:15:30.233687 #21423]  INFO -- eugenio-centos-7:  urls = property(fget=lambda self: self._geturls(),
I, [2025-03-24T17:15:30.233725 #21423]  INFO -- eugenio-centos-7:       File "/usr/lib/python2.7/site-packages/yum/yumRepo.py", line 878, in _geturls
I, [2025-03-24T17:15:30.233765 #21423]  INFO -- eugenio-centos-7:  self._baseurlSetup()
I, [2025-03-24T17:15:30.233796 #21423]  INFO -- eugenio-centos-7:       File "/usr/lib/python2.7/site-packages/yum/yumRepo.py", line 844, in _baseurlSetup
I, [2025-03-24T17:15:30.233837 #21423]  INFO -- eugenio-centos-7:  self.check()
I, [2025-03-24T17:15:30.233870 #21423]  INFO -- eugenio-centos-7:       File "/usr/lib/python2.7/site-packages/yum/yumRepo.py", line 562, in check
I, [2025-03-24T17:15:30.233918 #21423]  INFO -- eugenio-centos-7:  'Cannot find a valid baseurl for repo: %s' % self.ui_id
I, [2025-03-24T17:15:30.233952 #21423]  INFO -- eugenio-centos-7:     yum.Errors.RepoError: Cannot find a valid baseurl for repo: base/7/x86_64
I, [2025-03-24T17:15:30.233988 #21423]  INFO -- eugenio-centos-7:     Loaded plugins: fastestmirror
I, [2025-03-24T17:15:30.234022 #21423]  INFO -- eugenio-centos-7:     Loading mirror speeds from cached hostfile
I, [2025-03-24T17:15:30.234058 #21423]  INFO -- eugenio-centos-7:     
I, [2025-03-24T17:15:30.234094 #21423]  INFO -- eugenio-centos-7:     Resource Declaration:
I, [2025-03-24T17:15:30.234129 #21423]  INFO -- eugenio-centos-7:     ---------------------
I, [2025-03-24T17:15:30.234160 #21423]  INFO -- eugenio-centos-7:     # In /tmp/kitchen/cache/cookbooks/primo_esercizio/recipes/default.rb
I, [2025-03-24T17:15:30.234201 #21423]  INFO -- eugenio-centos-7:     
I, [2025-03-24T17:15:30.234286 #21423]  INFO -- eugenio-centos-7:       6: package 'git'
I, [2025-03-24T17:15:30.234321 #21423]  INFO -- eugenio-centos-7:     
I, [2025-03-24T17:15:30.234353 #21423]  INFO -- eugenio-centos-7:     Compiled Resource:
I, [2025-03-24T17:15:30.234389 #21423]  INFO -- eugenio-centos-7:     ------------------
I, [2025-03-24T17:15:30.234420 #21423]  INFO -- eugenio-centos-7:     # Declared in /tmp/kitchen/cache/cookbooks/primo_esercizio/recipes/default.rb:6:in `from_file'
I, [2025-03-24T17:15:30.234450 #21423]  INFO -- eugenio-centos-7:     
I, [2025-03-24T17:15:30.234483 #21423]  INFO -- eugenio-centos-7:     yum_package("git") do
I, [2025-03-24T17:15:30.234514 #21423]  INFO -- eugenio-centos-7:       package_name "git"
I, [2025-03-24T17:15:30.234551 #21423]  INFO -- eugenio-centos-7:       action [:install]
I, [2025-03-24T17:15:30.234584 #21423]  INFO -- eugenio-centos-7:       default_guard_interpreter :default
I, [2025-03-24T17:15:30.234614 #21423]  INFO -- eugenio-centos-7:       declared_type :package
I, [2025-03-24T17:15:30.234649 #21423]  INFO -- eugenio-centos-7:       cookbook_name "primo_esercizio"
I, [2025-03-24T17:15:30.234680 #21423]  INFO -- eugenio-centos-7:       recipe_name "default"
I, [2025-03-24T17:15:30.234711 #21423]  INFO -- eugenio-centos-7:       flush_cache {:before=>false, :after=>false}
I, [2025-03-24T17:15:30.234750 #21423]  INFO -- eugenio-centos-7:     end
I, [2025-03-24T17:15:30.234782 #21423]  INFO -- eugenio-centos-7:     
I, [2025-03-24T17:15:30.234818 #21423]  INFO -- eugenio-centos-7:     System Info:
I, [2025-03-24T17:15:30.234850 #21423]  INFO -- eugenio-centos-7:     ------------
I, [2025-03-24T17:15:30.234882 #21423]  INFO -- eugenio-centos-7:     chef_version=18.6.2
I, [2025-03-24T17:15:30.234918 #21423]  INFO -- eugenio-centos-7:     platform=centos
I, [2025-03-24T17:15:30.234953 #21423]  INFO -- eugenio-centos-7:     platform_version=7.9.2009
I, [2025-03-24T17:15:30.234985 #21423]  INFO -- eugenio-centos-7:     ruby=ruby 3.1.6p260 (2024-05-29 revision a777087be6) [x86_64-linux]
I, [2025-03-24T17:15:30.235015 #21423]  INFO -- eugenio-centos-7:     program_name=/opt/chef/bin/chef-client
I, [2025-03-24T17:15:30.235047 #21423]  INFO -- eugenio-centos-7:     executable=/opt/chef/bin/chef-client
I, [2025-03-24T17:15:30.235077 #21423]  INFO -- eugenio-centos-7:     
I, [2025-03-24T17:15:30.235125 #21423]  INFO -- eugenio-centos-7: 
I, [2025-03-24T17:15:30.235155 #21423]  INFO -- eugenio-centos-7: Running handlers:
I, [2025-03-24T17:15:30.235195 #21423]  INFO -- eugenio-centos-7: [2025-03-24T16:15:30+00:00] ERROR: Running exception handlers
I, [2025-03-24T17:15:30.235227 #21423]  INFO -- eugenio-centos-7: Running handlers complete
I, [2025-03-24T17:15:30.235258 #21423]  INFO -- eugenio-centos-7: [2025-03-24T16:15:30+00:00] ERROR: Exception handlers complete
I, [2025-03-24T17:15:30.235292 #21423]  INFO -- eugenio-centos-7: Infra Phase failed. 0 resources updated in 04 seconds
I, [2025-03-24T17:15:30.235322 #21423]  INFO -- eugenio-centos-7: [2025-03-24T16:15:30+00:00] FATAL: Stacktrace dumped to /tmp/kitchen/cache/chef-stacktrace.out
I, [2025-03-24T17:15:30.235352 #21423]  INFO -- eugenio-centos-7: [2025-03-24T16:15:30+00:00] FATAL: ---------------------------------------------------------------------------------------
I, [2025-03-24T17:15:30.235381 #21423]  INFO -- eugenio-centos-7: [2025-03-24T16:15:30+00:00] FATAL: PLEASE PROVIDE THE CONTENTS OF THE stacktrace.out FILE (above) IF YOU FILE A BUG REPORT
I, [2025-03-24T17:15:30.235484 #21423]  INFO -- eugenio-centos-7: [2025-03-24T16:15:30+00:00] FATAL: ---------------------------------------------------------------------------------------
I, [2025-03-24T17:15:30.245169 #21423]  INFO -- eugenio-centos-7: [2025-03-24T16:15:30+00:00] FATAL: RuntimeError: yum_package[git] (primo_esercizio::default line 6) had an error: RuntimeError: yum-helper.py had stderr/stdout output:
I, [2025-03-24T17:15:30.245255 #21423]  INFO -- eugenio-centos-7: 
I, [2025-03-24T17:15:30.245302 #21423]  INFO -- eugenio-centos-7: Could not retrieve mirrorlist http://mirrorlist.centos.org/?release=7&arch=x86_64&repo=os&infra=stock error was
I, [2025-03-24T17:15:30.245336 #21423]  INFO -- eugenio-centos-7: 14: curl#6 - "Could not resolve host: mirrorlist.centos.org; Unknown error"
I, [2025-03-24T17:15:30.245370 #21423]  INFO -- eugenio-centos-7: Traceback (most recent call last):
I, [2025-03-24T17:15:30.245400 #21423]  INFO -- eugenio-centos-7:   File "/opt/chef/embedded/lib/ruby/gems/3.1.0/gems/chef-18.6.2/lib/chef/provider/package/yum/yum_helper.py", line 178, in <module>
I, [2025-03-24T17:15:30.245434 #21423]  INFO -- eugenio-centos-7:     query(base, command)
I, [2025-03-24T17:15:30.245463 #21423]  INFO -- eugenio-centos-7:   File "/opt/chef/embedded/lib/ruby/gems/3.1.0/gems/chef-18.6.2/lib/chef/provider/package/yum/yum_helper.py", line 87, in query
I, [2025-03-24T17:15:30.245549 #21423]  INFO -- eugenio-centos-7:     obj = base.pkgSack
I, [2025-03-24T17:15:30.245581 #21423]  INFO -- eugenio-centos-7:   File "/usr/lib/python2.7/site-packages/yum/__init__.py", line 1075, in <lambda>
I, [2025-03-24T17:15:30.245617 #21423]  INFO -- eugenio-centos-7:     pkgSack = property(fget=lambda self: self._getSacks(),
I, [2025-03-24T17:15:30.245648 #21423]  INFO -- eugenio-centos-7:   File "/usr/lib/python2.7/site-packages/yum/__init__.py", line 778, in _getSacks
I, [2025-03-24T17:15:30.245677 #21423]  INFO -- eugenio-centos-7:     self.repos.populateSack(which=repos)
I, [2025-03-24T17:15:30.245709 #21423]  INFO -- eugenio-centos-7:   File "/usr/lib/python2.7/site-packages/yum/repos.py", line 347, in populateSack
I, [2025-03-24T17:15:30.245738 #21423]  INFO -- eugenio-centos-7:     self.doSetup()
I, [2025-03-24T17:15:30.245767 #21423]  INFO -- eugenio-centos-7:   File "/usr/lib/python2.7/site-packages/yum/repos.py", line 122, in doSetup
I, [2025-03-24T17:15:30.245800 #21423]  INFO -- eugenio-centos-7:     self.ayum.plugins.run('prereposetup')
I, [2025-03-24T17:15:30.245829 #21423]  INFO -- eugenio-centos-7:   File "/usr/lib/python2.7/site-packages/yum/plugins.py", line 188, in run
I, [2025-03-24T17:15:30.245862 #21423]  INFO -- eugenio-centos-7:     func(conduitcls(self, self.base, conf, **kwargs))
I, [2025-03-24T17:15:30.245891 #21423]  INFO -- eugenio-centos-7:   File "/usr/lib/yum-plugins/fastestmirror.py", line 197, in prereposetup_hook
I, [2025-03-24T17:15:30.245920 #21423]  INFO -- eugenio-centos-7:     if downgrade_ftp and _len_non_ftp(repo.urls) == 1:
I, [2025-03-24T17:15:30.245976 #21423]  INFO -- eugenio-centos-7:   File "/usr/lib/python2.7/site-packages/yum/yumRepo.py", line 881, in <lambda>
I, [2025-03-24T17:15:30.246006 #21423]  INFO -- eugenio-centos-7:     urls = property(fget=lambda self: self._geturls(),
I, [2025-03-24T17:15:30.246036 #21423]  INFO -- eugenio-centos-7:   File "/usr/lib/python2.7/site-packages/yum/yumRepo.py", line 878, in _geturls
I, [2025-03-24T17:15:30.246068 #21423]  INFO -- eugenio-centos-7:     self._baseurlSetup()
I, [2025-03-24T17:15:30.246101 #21423]  INFO -- eugenio-centos-7:   File "/usr/lib/python2.7/site-packages/yum/yumRepo.py", line 844, in _baseurlSetup
I, [2025-03-24T17:15:30.246138 #21423]  INFO -- eugenio-centos-7:     self.check()
I, [2025-03-24T17:15:30.246291 #21423]  INFO -- eugenio-centos-7:   File "/usr/lib/python2.7/site-packages/yum/yumRepo.py", line 562, in check
I, [2025-03-24T17:15:30.246337 #21423]  INFO -- eugenio-centos-7:     'Cannot find a valid baseurl for repo: %s' % self.ui_id
I, [2025-03-24T17:15:30.246377 #21423]  INFO -- eugenio-centos-7: yum.Errors.RepoError: Cannot find a valid baseurl for repo: base/7/x86_64
I, [2025-03-24T17:15:30.246410 #21423]  INFO -- eugenio-centos-7: Loaded plugins: fastestmirror
I, [2025-03-24T17:15:30.246492 #21423]  INFO -- eugenio-centos-7: Loading mirror speeds from cached hostfile
I, [2025-03-24T17:15:30.246526 #21423]  INFO -- eugenio-centos-7: 
E, [2025-03-24T17:15:30.284395 #21423] ERROR -- eugenio-centos-7: Converge failed on instance <eugenio-centos-7>.
E, [2025-03-24T17:15:30.284653 #21423] ERROR -- eugenio-centos-7: ------Exception-------
E, [2025-03-24T17:15:30.284775 #21423] ERROR -- eugenio-centos-7: Class: Kitchen::ActionFailed
E, [2025-03-24T17:15:30.284904 #21423] ERROR -- eugenio-centos-7: Message: SSH exited (1) for command: [sh -c '
TEST_KITCHEN="1"; export TEST_KITCHEN
sudo -E /opt/chef/bin/chef-client --local-mode --config /tmp/kitchen/client.rb --log_level auto --force-formatter --no-color --json-attributes /tmp/kitchen/dna.json --chef-zero-port 8889 
']
E, [2025-03-24T17:15:30.285019 #21423] ERROR -- eugenio-centos-7: ----------------------
E, [2025-03-24T17:15:30.285064 #21423] ERROR -- eugenio-centos-7: ------Backtrace-------
E, [2025-03-24T17:15:30.285113 #21423] ERROR -- eugenio-centos-7: /opt/chef-workstation/embedded/lib/ruby/gems/3.1.0/gems/test-kitchen-3.6.0/lib/kitchen/provisioner/base.rb:99:in `rescue in call'
E, [2025-03-24T17:15:30.285154 #21423] ERROR -- eugenio-centos-7: /opt/chef-workstation/embedded/lib/ruby/gems/3.1.0/gems/test-kitchen-3.6.0/lib/kitchen/provisioner/base.rb:98:in `call'
E, [2025-03-24T17:15:30.285183 #21423] ERROR -- eugenio-centos-7: /opt/chef-workstation/embedded/lib/ruby/gems/3.1.0/gems/test-kitchen-3.6.0/lib/kitchen/instance.rb:419:in `block in converge_action'
E, [2025-03-24T17:15:30.285205 #21423] ERROR -- eugenio-centos-7: /opt/chef-workstation/embedded/lib/ruby/gems/3.1.0/gems/test-kitchen-3.6.0/lib/kitchen/instance.rb:563:in `synchronize_or_call'
E, [2025-03-24T17:15:30.285230 #21423] ERROR -- eugenio-centos-7: /opt/chef-workstation/embedded/lib/ruby/gems/3.1.0/gems/test-kitchen-3.6.0/lib/kitchen/instance.rb:524:in `block in action'
E, [2025-03-24T17:15:30.285250 #21423] ERROR -- eugenio-centos-7: /opt/chef-workstation/embedded/lib/ruby/3.1.0/benchmark.rb:296:in `measure'
E, [2025-03-24T17:15:30.285269 #21423] ERROR -- eugenio-centos-7: /opt/chef-workstation/embedded/lib/ruby/gems/3.1.0/gems/test-kitchen-3.6.0/lib/kitchen/instance.rb:523:in `action'
E, [2025-03-24T17:15:30.285288 #21423] ERROR -- eugenio-centos-7: /opt/chef-workstation/embedded/lib/ruby/gems/3.1.0/gems/test-kitchen-3.6.0/lib/kitchen/instance.rb:414:in `converge_action'
E, [2025-03-24T17:15:30.285306 #21423] ERROR -- eugenio-centos-7: /opt/chef-workstation/embedded/lib/ruby/gems/3.1.0/gems/test-kitchen-3.6.0/lib/kitchen/instance.rb:392:in `block (2 levels) in transition_to'
E, [2025-03-24T17:15:30.285325 #21423] ERROR -- eugenio-centos-7: /opt/chef-workstation/embedded/lib/ruby/gems/3.1.0/gems/test-kitchen-3.6.0/lib/kitchen/lifecycle_hooks.rb:47:in `run_with_hooks'
E, [2025-03-24T17:15:30.285395 #21423] ERROR -- eugenio-centos-7: /opt/chef-workstation/embedded/lib/ruby/gems/3.1.0/gems/test-kitchen-3.6.0/lib/kitchen/instance.rb:391:in `block in transition_to'
E, [2025-03-24T17:15:30.285445 #21423] ERROR -- eugenio-centos-7: /opt/chef-workstation/embedded/lib/ruby/gems/3.1.0/gems/test-kitchen-3.6.0/lib/kitchen/instance.rb:390:in `each'
E, [2025-03-24T17:15:30.285467 #21423] ERROR -- eugenio-centos-7: /opt/chef-workstation/embedded/lib/ruby/gems/3.1.0/gems/test-kitchen-3.6.0/lib/kitchen/instance.rb:390:in `transition_to'
E, [2025-03-24T17:15:30.285486 #21423] ERROR -- eugenio-centos-7: /opt/chef-workstation/embedded/lib/ruby/gems/3.1.0/gems/test-kitchen-3.6.0/lib/kitchen/instance.rb:161:in `verify'
E, [2025-03-24T17:15:30.285505 #21423] ERROR -- eugenio-centos-7: /opt/chef-workstation/embedded/lib/ruby/gems/3.1.0/gems/test-kitchen-3.6.0/lib/kitchen/command.rb:195:in `public_send'
E, [2025-03-24T17:15:30.285527 #21423] ERROR -- eugenio-centos-7: /opt/chef-workstation/embedded/lib/ruby/gems/3.1.0/gems/test-kitchen-3.6.0/lib/kitchen/command.rb:195:in `run_action_in_thread'
E, [2025-03-24T17:15:30.285546 #21423] ERROR -- eugenio-centos-7: /opt/chef-workstation/embedded/lib/ruby/gems/3.1.0/gems/test-kitchen-3.6.0/lib/kitchen/command.rb:166:in `block (2 levels) in run_action'
E, [2025-03-24T17:15:30.285564 #21423] ERROR -- eugenio-centos-7: /opt/chef-workstation/embedded/lib/ruby/gems/3.1.0/gems/logging-2.4.0/lib/logging/diagnostic_context.rb:474:in `block in create_with_logging_context'
E, [2025-03-24T17:15:30.285583 #21423] ERROR -- eugenio-centos-7: ----End Backtrace-----
E, [2025-03-24T17:15:30.285600 #21423] ERROR -- eugenio-centos-7: ---Nested Exception---
E, [2025-03-24T17:15:30.285618 #21423] ERROR -- eugenio-centos-7: Class: Kitchen::Transport::SshFailed
E, [2025-03-24T17:15:30.285636 #21423] ERROR -- eugenio-centos-7: Message: SSH exited (1) for command: [sh -c '
TEST_KITCHEN="1"; export TEST_KITCHEN
sudo -E /opt/chef/bin/chef-client --local-mode --config /tmp/kitchen/client.rb --log_level auto --force-formatter --no-color --json-attributes /tmp/kitchen/dna.json --chef-zero-port 8889 
']
E, [2025-03-24T17:15:30.285654 #21423] ERROR -- eugenio-centos-7: ----------------------
E, [2025-03-24T17:15:30.285672 #21423] ERROR -- eugenio-centos-7: ------Backtrace-------
E, [2025-03-24T17:15:30.285689 #21423] ERROR -- eugenio-centos-7: /opt/chef-workstation/embedded/lib/ruby/gems/3.1.0/gems/test-kitchen-3.6.0/lib/kitchen/provisioner/base.rb:99:in `rescue in call'
E, [2025-03-24T17:15:30.285708 #21423] ERROR -- eugenio-centos-7: /opt/chef-workstation/embedded/lib/ruby/gems/3.1.0/gems/test-kitchen-3.6.0/lib/kitchen/provisioner/base.rb:98:in `call'
E, [2025-03-24T17:15:30.285726 #21423] ERROR -- eugenio-centos-7: /opt/chef-workstation/embedded/lib/ruby/gems/3.1.0/gems/test-kitchen-3.6.0/lib/kitchen/instance.rb:419:in `block in converge_action'
E, [2025-03-24T17:15:30.285744 #21423] ERROR -- eugenio-centos-7: /opt/chef-workstation/embedded/lib/ruby/gems/3.1.0/gems/test-kitchen-3.6.0/lib/kitchen/instance.rb:563:in `synchronize_or_call'
E, [2025-03-24T17:15:30.285824 #21423] ERROR -- eugenio-centos-7: /opt/chef-workstation/embedded/lib/ruby/gems/3.1.0/gems/test-kitchen-3.6.0/lib/kitchen/instance.rb:524:in `block in action'
E, [2025-03-24T17:15:30.285866 #21423] ERROR -- eugenio-centos-7: /opt/chef-workstation/embedded/lib/ruby/3.1.0/benchmark.rb:296:in `measure'
E, [2025-03-24T17:15:30.285911 #21423] ERROR -- eugenio-centos-7: /opt/chef-workstation/embedded/lib/ruby/gems/3.1.0/gems/test-kitchen-3.6.0/lib/kitchen/instance.rb:523:in `action'
E, [2025-03-24T17:15:30.285937 #21423] ERROR -- eugenio-centos-7: /opt/chef-workstation/embedded/lib/ruby/gems/3.1.0/gems/test-kitchen-3.6.0/lib/kitchen/instance.rb:414:in `converge_action'
E, [2025-03-24T17:15:30.285962 #21423] ERROR -- eugenio-centos-7: /opt/chef-workstation/embedded/lib/ruby/gems/3.1.0/gems/test-kitchen-3.6.0/lib/kitchen/instance.rb:392:in `block (2 levels) in transition_to'
E, [2025-03-24T17:15:30.286005 #21423] ERROR -- eugenio-centos-7: /opt/chef-workstation/embedded/lib/ruby/gems/3.1.0/gems/test-kitchen-3.6.0/lib/kitchen/lifecycle_hooks.rb:47:in `run_with_hooks'
E, [2025-03-24T17:15:30.286031 #21423] ERROR -- eugenio-centos-7: /opt/chef-workstation/embedded/lib/ruby/gems/3.1.0/gems/test-kitchen-3.6.0/lib/kitchen/instance.rb:391:in `block in transition_to'
E, [2025-03-24T17:15:30.286055 #21423] ERROR -- eugenio-centos-7: /opt/chef-workstation/embedded/lib/ruby/gems/3.1.0/gems/test-kitchen-3.6.0/lib/kitchen/instance.rb:390:in `each'
E, [2025-03-24T17:15:30.286079 #21423] ERROR -- eugenio-centos-7: /opt/chef-workstation/embedded/lib/ruby/gems/3.1.0/gems/test-kitchen-3.6.0/lib/kitchen/instance.rb:390:in `transition_to'
E, [2025-03-24T17:15:30.286103 #21423] ERROR -- eugenio-centos-7: /opt/chef-workstation/embedded/lib/ruby/gems/3.1.0/gems/test-kitchen-3.6.0/lib/kitchen/instance.rb:161:in `verify'
E, [2025-03-24T17:15:30.286127 #21423] ERROR -- eugenio-centos-7: /opt/chef-workstation/embedded/lib/ruby/gems/3.1.0/gems/test-kitchen-3.6.0/lib/kitchen/command.rb:195:in `public_send'
E, [2025-03-24T17:15:30.286151 #21423] ERROR -- eugenio-centos-7: /opt/chef-workstation/embedded/lib/ruby/gems/3.1.0/gems/test-kitchen-3.6.0/lib/kitchen/command.rb:195:in `run_action_in_thread'
E, [2025-03-24T17:15:30.286179 #21423] ERROR -- eugenio-centos-7: /opt/chef-workstation/embedded/lib/ruby/gems/3.1.0/gems/test-kitchen-3.6.0/lib/kitchen/command.rb:166:in `block (2 levels) in run_action'
E, [2025-03-24T17:15:30.286208 #21423] ERROR -- eugenio-centos-7: /opt/chef-workstation/embedded/lib/ruby/gems/3.1.0/gems/logging-2.4.0/lib/logging/diagnostic_context.rb:474:in `block in create_with_logging_context'
E, [2025-03-24T17:15:30.286233 #21423] ERROR -- eugenio-centos-7: ----End Backtrace-----
