I, [2025-03-24T17:15:05.736631 #21423]  INFO -- Kitchen: -----> Starting Test Kitchen (v3.6.0)
I, [2025-03-24T17:15:08.558974 #21423]  INFO -- Kitchen: -----> Converging <eugenio-centos-7>...
E, [2025-03-24T17:15:30.297673 #21423] ERROR -- Kitchen: ------Exception-------
E, [2025-03-24T17:15:30.298191 #21423] ERROR -- Kitchen: Class: Kitchen::ActionFailed
E, [2025-03-24T17:15:30.298305 #21423] ERROR -- Kitchen: Message: 1 actions failed.
>>>>>>     Converge failed on instance <eugenio-centos-7>.  Please see .kitchen/logs/eugenio-centos-7.log for more details
E, [2025-03-24T17:15:30.298396 #21423] ERROR -- Kitchen: ----------------------
E, [2025-03-24T17:15:30.298428 #21423] ERROR -- Kitchen: ------Backtrace-------
E, [2025-03-24T17:15:30.298454 #21423] ERROR -- Kitchen: /opt/chef-workstation/embedded/lib/ruby/gems/3.1.0/gems/test-kitchen-3.6.0/lib/kitchen/command.rb:181:in `report_errors'
E, [2025-03-24T17:15:30.298484 #21423] ERROR -- Kitchen: /opt/chef-workstation/embedded/lib/ruby/gems/3.1.0/gems/test-kitchen-3.6.0/lib/kitchen/command.rb:172:in `run_action'
E, [2025-03-24T17:15:30.298520 #21423] ERROR -- Kitchen: /opt/chef-workstation/embedded/lib/ruby/gems/3.1.0/gems/test-kitchen-3.6.0/lib/kitchen/command/action.rb:35:in `block in call'
E, [2025-03-24T17:15:30.298548 #21423] ERROR -- Kitchen: /opt/chef-workstation/embedded/lib/ruby/3.1.0/benchmark.rb:296:in `measure'
E, [2025-03-24T17:15:30.298570 #21423] ERROR -- Kitchen: /opt/chef-workstation/embedded/lib/ruby/gems/3.1.0/gems/test-kitchen-3.6.0/lib/kitchen/command/action.rb:33:in `call'
E, [2025-03-24T17:15:30.298587 #21423] ERROR -- Kitchen: /opt/chef-workstation/embedded/lib/ruby/gems/3.1.0/gems/test-kitchen-3.6.0/lib/kitchen/cli.rb:52:in `perform'
E, [2025-03-24T17:15:30.298603 #21423] ERROR -- Kitchen: /opt/chef-workstation/embedded/lib/ruby/gems/3.1.0/gems/test-kitchen-3.6.0/lib/kitchen/cli.rb:198:in `block (2 levels) in <class:CLI>'
E, [2025-03-24T17:15:30.298627 #21423] ERROR -- Kitchen: /opt/chef-workstation/embedded/lib/ruby/gems/3.1.0/gems/thor-1.2.2/lib/thor/command.rb:27:in `run'
E, [2025-03-24T17:15:30.298643 #21423] ERROR -- Kitchen: /opt/chef-workstation/embedded/lib/ruby/gems/3.1.0/gems/thor-1.2.2/lib/thor/invocation.rb:127:in `invoke_command'
E, [2025-03-24T17:15:30.298659 #21423] ERROR -- Kitchen: /opt/chef-workstation/embedded/lib/ruby/gems/3.1.0/gems/thor-1.2.2/lib/thor.rb:392:in `dispatch'
E, [2025-03-24T17:15:30.298674 #21423] ERROR -- Kitchen: /opt/chef-workstation/embedded/lib/ruby/gems/3.1.0/gems/thor-1.2.2/lib/thor/base.rb:485:in `start'
E, [2025-03-24T17:15:30.298690 #21423] ERROR -- Kitchen: /opt/chef-workstation/embedded/lib/ruby/gems/3.1.0/gems/test-kitchen-3.6.0/bin/kitchen:11:in `block in <top (required)>'
E, [2025-03-24T17:15:30.298706 #21423] ERROR -- Kitchen: /opt/chef-workstation/embedded/lib/ruby/gems/3.1.0/gems/test-kitchen-3.6.0/lib/kitchen/errors.rb:183:in `with_friendly_errors'
E, [2025-03-24T17:15:30.298721 #21423] ERROR -- Kitchen: /opt/chef-workstation/embedded/lib/ruby/gems/3.1.0/gems/test-kitchen-3.6.0/bin/kitchen:11:in `<top (required)>'
E, [2025-03-24T17:15:30.298737 #21423] ERROR -- Kitchen: /usr/local/bin/kitchen:441:in `load'
E, [2025-03-24T17:15:30.298751 #21423] ERROR -- Kitchen: /usr/local/bin/kitchen:441:in `<main>'
E, [2025-03-24T17:15:30.298767 #21423] ERROR -- Kitchen: ----End Backtrace-----
E, [2025-03-24T17:15:30.298782 #21423] ERROR -- Kitchen: -Composite Exception--
E, [2025-03-24T17:15:30.298797 #21423] ERROR -- Kitchen: Class: Kitchen::InstanceFailure
E, [2025-03-24T17:15:30.298812 #21423] ERROR -- Kitchen: Message: Converge failed on instance <eugenio-centos-7>.  Please see .kitchen/logs/eugenio-centos-7.log for more details
E, [2025-03-24T17:15:30.298832 #21423] ERROR -- Kitchen: ----------------------
E, [2025-03-24T17:15:30.298847 #21423] ERROR -- Kitchen: ------Backtrace-------
E, [2025-03-24T17:15:30.298862 #21423] ERROR -- Kitchen: /opt/chef-workstation/embedded/lib/ruby/gems/3.1.0/gems/test-kitchen-3.6.0/lib/kitchen/provisioner/base.rb:99:in `rescue in call'
E, [2025-03-24T17:15:30.298878 #21423] ERROR -- Kitchen: /opt/chef-workstation/embedded/lib/ruby/gems/3.1.0/gems/test-kitchen-3.6.0/lib/kitchen/provisioner/base.rb:98:in `call'
E, [2025-03-24T17:15:30.298912 #21423] ERROR -- Kitchen: /opt/chef-workstation/embedded/lib/ruby/gems/3.1.0/gems/test-kitchen-3.6.0/lib/kitchen/instance.rb:419:in `block in converge_action'
E, [2025-03-24T17:15:30.298929 #21423] ERROR -- Kitchen: /opt/chef-workstation/embedded/lib/ruby/gems/3.1.0/gems/test-kitchen-3.6.0/lib/kitchen/instance.rb:563:in `synchronize_or_call'
E, [2025-03-24T17:15:30.298945 #21423] ERROR -- Kitchen: /opt/chef-workstation/embedded/lib/ruby/gems/3.1.0/gems/test-kitchen-3.6.0/lib/kitchen/instance.rb:524:in `block in action'
E, [2025-03-24T17:15:30.298960 #21423] ERROR -- Kitchen: /opt/chef-workstation/embedded/lib/ruby/3.1.0/benchmark.rb:296:in `measure'
E, [2025-03-24T17:15:30.298975 #21423] ERROR -- Kitchen: /opt/chef-workstation/embedded/lib/ruby/gems/3.1.0/gems/test-kitchen-3.6.0/lib/kitchen/instance.rb:523:in `action'
E, [2025-03-24T17:15:30.298991 #21423] ERROR -- Kitchen: /opt/chef-workstation/embedded/lib/ruby/gems/3.1.0/gems/test-kitchen-3.6.0/lib/kitchen/instance.rb:414:in `converge_action'
E, [2025-03-24T17:15:30.299009 #21423] ERROR -- Kitchen: /opt/chef-workstation/embedded/lib/ruby/gems/3.1.0/gems/test-kitchen-3.6.0/lib/kitchen/instance.rb:392:in `block (2 levels) in transition_to'
E, [2025-03-24T17:15:30.299025 #21423] ERROR -- Kitchen: /opt/chef-workstation/embedded/lib/ruby/gems/3.1.0/gems/test-kitchen-3.6.0/lib/kitchen/lifecycle_hooks.rb:47:in `run_with_hooks'
E, [2025-03-24T17:15:30.299040 #21423] ERROR -- Kitchen: /opt/chef-workstation/embedded/lib/ruby/gems/3.1.0/gems/test-kitchen-3.6.0/lib/kitchen/instance.rb:391:in `block in transition_to'
E, [2025-03-24T17:15:30.299059 #21423] ERROR -- Kitchen: /opt/chef-workstation/embedded/lib/ruby/gems/3.1.0/gems/test-kitchen-3.6.0/lib/kitchen/instance.rb:390:in `each'
E, [2025-03-24T17:15:30.299075 #21423] ERROR -- Kitchen: /opt/chef-workstation/embedded/lib/ruby/gems/3.1.0/gems/test-kitchen-3.6.0/lib/kitchen/instance.rb:390:in `transition_to'
E, [2025-03-24T17:15:30.299090 #21423] ERROR -- Kitchen: /opt/chef-workstation/embedded/lib/ruby/gems/3.1.0/gems/test-kitchen-3.6.0/lib/kitchen/instance.rb:161:in `verify'
E, [2025-03-24T17:15:30.299106 #21423] ERROR -- Kitchen: /opt/chef-workstation/embedded/lib/ruby/gems/3.1.0/gems/test-kitchen-3.6.0/lib/kitchen/command.rb:195:in `public_send'
E, [2025-03-24T17:15:30.299121 #21423] ERROR -- Kitchen: /opt/chef-workstation/embedded/lib/ruby/gems/3.1.0/gems/test-kitchen-3.6.0/lib/kitchen/command.rb:195:in `run_action_in_thread'
E, [2025-03-24T17:15:30.299136 #21423] ERROR -- Kitchen: /opt/chef-workstation/embedded/lib/ruby/gems/3.1.0/gems/test-kitchen-3.6.0/lib/kitchen/command.rb:166:in `block (2 levels) in run_action'
E, [2025-03-24T17:15:30.299152 #21423] ERROR -- Kitchen: /opt/chef-workstation/embedded/lib/ruby/gems/3.1.0/gems/logging-2.4.0/lib/logging/diagnostic_context.rb:474:in `block in create_with_logging_context'
E, [2025-03-24T17:15:30.299168 #21423] ERROR -- Kitchen: ----End Backtrace-----
E, [2025-03-24T17:15:30.299237 #21423] ERROR -- Kitchen: ---Nested Exception---
E, [2025-03-24T17:15:30.299254 #21423] ERROR -- Kitchen: Class: Kitchen::ActionFailed
E, [2025-03-24T17:15:30.299269 #21423] ERROR -- Kitchen: Message: SSH exited (1) for command: [sh -c '
TEST_KITCHEN="1"; export TEST_KITCHEN
sudo -E /opt/chef/bin/chef-client --local-mode --config /tmp/kitchen/client.rb --log_level auto --force-formatter --no-color --json-attributes /tmp/kitchen/dna.json --chef-zero-port 8889 
']
E, [2025-03-24T17:15:30.299288 #21423] ERROR -- Kitchen: ----------------------
E, [2025-03-24T17:15:30.299304 #21423] ERROR -- Kitchen: ------Backtrace-------
E, [2025-03-24T17:15:30.299329 #21423] ERROR -- Kitchen: /opt/chef-workstation/embedded/lib/ruby/gems/3.1.0/gems/test-kitchen-3.6.0/lib/kitchen/provisioner/base.rb:99:in `rescue in call'
E, [2025-03-24T17:15:30.299359 #21423] ERROR -- Kitchen: /opt/chef-workstation/embedded/lib/ruby/gems/3.1.0/gems/test-kitchen-3.6.0/lib/kitchen/provisioner/base.rb:98:in `call'
E, [2025-03-24T17:15:30.299391 #21423] ERROR -- Kitchen: /opt/chef-workstation/embedded/lib/ruby/gems/3.1.0/gems/test-kitchen-3.6.0/lib/kitchen/instance.rb:419:in `block in converge_action'
E, [2025-03-24T17:15:30.299408 #21423] ERROR -- Kitchen: /opt/chef-workstation/embedded/lib/ruby/gems/3.1.0/gems/test-kitchen-3.6.0/lib/kitchen/instance.rb:563:in `synchronize_or_call'
E, [2025-03-24T17:15:30.299424 #21423] ERROR -- Kitchen: /opt/chef-workstation/embedded/lib/ruby/gems/3.1.0/gems/test-kitchen-3.6.0/lib/kitchen/instance.rb:524:in `block in action'
E, [2025-03-24T17:15:30.299440 #21423] ERROR -- Kitchen: /opt/chef-workstation/embedded/lib/ruby/3.1.0/benchmark.rb:296:in `measure'
E, [2025-03-24T17:15:30.299455 #21423] ERROR -- Kitchen: /opt/chef-workstation/embedded/lib/ruby/gems/3.1.0/gems/test-kitchen-3.6.0/lib/kitchen/instance.rb:523:in `action'
E, [2025-03-24T17:15:30.299525 #21423] ERROR -- Kitchen: /opt/chef-workstation/embedded/lib/ruby/gems/3.1.0/gems/test-kitchen-3.6.0/lib/kitchen/instance.rb:414:in `converge_action'
E, [2025-03-24T17:15:30.299554 #21423] ERROR -- Kitchen: /opt/chef-workstation/embedded/lib/ruby/gems/3.1.0/gems/test-kitchen-3.6.0/lib/kitchen/instance.rb:392:in `block (2 levels) in transition_to'
E, [2025-03-24T17:15:30.299581 #21423] ERROR -- Kitchen: /opt/chef-workstation/embedded/lib/ruby/gems/3.1.0/gems/test-kitchen-3.6.0/lib/kitchen/lifecycle_hooks.rb:47:in `run_with_hooks'
E, [2025-03-24T17:15:30.299610 #21423] ERROR -- Kitchen: /opt/chef-workstation/embedded/lib/ruby/gems/3.1.0/gems/test-kitchen-3.6.0/lib/kitchen/instance.rb:391:in `block in transition_to'
E, [2025-03-24T17:15:30.299627 #21423] ERROR -- Kitchen: /opt/chef-workstation/embedded/lib/ruby/gems/3.1.0/gems/test-kitchen-3.6.0/lib/kitchen/instance.rb:390:in `each'
E, [2025-03-24T17:15:30.299645 #21423] ERROR -- Kitchen: /opt/chef-workstation/embedded/lib/ruby/gems/3.1.0/gems/test-kitchen-3.6.0/lib/kitchen/instance.rb:390:in `transition_to'
E, [2025-03-24T17:15:30.299661 #21423] ERROR -- Kitchen: /opt/chef-workstation/embedded/lib/ruby/gems/3.1.0/gems/test-kitchen-3.6.0/lib/kitchen/instance.rb:161:in `verify'
E, [2025-03-24T17:15:30.299677 #21423] ERROR -- Kitchen: /opt/chef-workstation/embedded/lib/ruby/gems/3.1.0/gems/test-kitchen-3.6.0/lib/kitchen/command.rb:195:in `public_send'
E, [2025-03-24T17:15:30.299692 #21423] ERROR -- Kitchen: /opt/chef-workstation/embedded/lib/ruby/gems/3.1.0/gems/test-kitchen-3.6.0/lib/kitchen/command.rb:195:in `run_action_in_thread'
E, [2025-03-24T17:15:30.299708 #21423] ERROR -- Kitchen: /opt/chef-workstation/embedded/lib/ruby/gems/3.1.0/gems/test-kitchen-3.6.0/lib/kitchen/command.rb:166:in `block (2 levels) in run_action'
E, [2025-03-24T17:15:30.299723 #21423] ERROR -- Kitchen: /opt/chef-workstation/embedded/lib/ruby/gems/3.1.0/gems/logging-2.4.0/lib/logging/diagnostic_context.rb:474:in `block in create_with_logging_context'
E, [2025-03-24T17:15:30.299738 #21423] ERROR -- Kitchen: ----End Backtrace-----
